2023-06-28 11:45:24,616 [Worker-7: Loading available Gradle versions] INFO  o.e.b.c.i.u.g.PublishedGradleVersions - Gradle version information cache is up-to-date. Trying to read.
2023-06-28 11:46:38,409 [Worker-5: Building workspace] INFO  o.e.m.c.i.l.LifecycleMappingFactory - Using org.maven.ide.eclipse.wtp.WarLifecycleMapping lifecycle mapping for MavenProject: com.kh:gorri:1.0.0-BUILD-SNAPSHOT @ C:\Users\user1\Desktop\»õ Æú´õ (5)\Gorri\1_Gorri\pom.xml.
2023-06-28 11:46:41,692 [Worker-5: Building workspace] WARN  o.e.m.c.i.embedder.EclipseLogger - Using platform encoding (MS949 actually) to copy filtered resources, i.e. build is platform dependent!
2023-06-28 11:46:41,696 [Worker-5: Building workspace] INFO  o.e.m.c.i.embedder.EclipseLogger - Copying 11 resources
2023-06-28 11:46:41,733 [Worker-5: Building workspace] WARN  o.e.m.c.i.embedder.EclipseLogger - Using platform encoding (MS949 actually) to copy filtered resources, i.e. build is platform dependent!
2023-06-28 11:46:41,733 [Worker-5: Building workspace] INFO  o.e.m.c.i.embedder.EclipseLogger - Copying 1 resource
2023-06-28 11:46:43,859 [Worker-5: Building workspace] WARN  o.e.m.c.i.embedder.EclipseLogger - Using platform encoding (MS949 actually) to copy filtered resources, i.e. build is platform dependent!
2023-06-28 11:46:43,860 [Worker-5: Building workspace] INFO  o.e.m.c.i.embedder.EclipseLogger - Copying 11 resources
2023-06-28 11:46:43,885 [Worker-5: Building workspace] WARN  o.e.m.c.i.embedder.EclipseLogger - Using platform encoding (MS949 actually) to copy filtered resources, i.e. build is platform dependent!
2023-06-28 11:46:43,886 [Worker-5: Building workspace] INFO  o.e.m.c.i.embedder.EclipseLogger - Copying 1 resource
2023-06-28 11:46:44,477 [Worker-6: Building workspace] WARN  o.e.m.c.i.embedder.EclipseLogger - Using platform encoding (MS949 actually) to copy filtered resources, i.e. build is platform dependent!
2023-06-28 11:46:44,478 [Worker-6: Building workspace] INFO  o.e.m.c.i.embedder.EclipseLogger - Copying 11 resources
2023-06-28 11:46:44,490 [Worker-6: Building workspace] WARN  o.e.m.c.i.embedder.EclipseLogger - Using platform encoding (MS949 actually) to copy filtered resources, i.e. build is platform dependent!
2023-06-28 11:46:44,491 [Worker-6: Building workspace] INFO  o.e.m.c.i.embedder.EclipseLogger - Copying 1 resource
2023-06-28 11:46:45,043 [Worker-1: Building workspace] WARN  o.e.m.c.i.embedder.EclipseLogger - Using platform encoding (MS949 actually) to copy filtered resources, i.e. build is platform dependent!
2023-06-28 11:46:45,044 [Worker-1: Building workspace] INFO  o.e.m.c.i.embedder.EclipseLogger - Copying 11 resources
2023-06-28 11:46:45,057 [Worker-1: Building workspace] WARN  o.e.m.c.i.embedder.EclipseLogger - Using platform encoding (MS949 actually) to copy filtered resources, i.e. build is platform dependent!
2023-06-28 11:46:45,058 [Worker-1: Building workspace] INFO  o.e.m.c.i.embedder.EclipseLogger - Copying 1 resource
2023-06-28 11:46:45,573 [Worker-9: Building workspace] WARN  o.e.m.c.i.embedder.EclipseLogger - Using platform encoding (MS949 actually) to copy filtered resources, i.e. build is platform dependent!
2023-06-28 11:46:45,574 [Worker-9: Building workspace] INFO  o.e.m.c.i.embedder.EclipseLogger - Copying 11 resources
2023-06-28 11:46:45,592 [Worker-9: Building workspace] WARN  o.e.m.c.i.embedder.EclipseLogger - Using platform encoding (MS949 actually) to copy filtered resources, i.e. build is platform dependent!
2023-06-28 11:46:45,593 [Worker-9: Building workspace] INFO  o.e.m.c.i.embedder.EclipseLogger - Copying 1 resource
2023-06-28 11:46:46,018 [Worker-0: Building workspace] WARN  o.e.m.c.i.embedder.EclipseLogger - Using platform encoding (MS949 actually) to copy filtered resources, i.e. build is platform dependent!
2023-06-28 11:46:46,019 [Worker-0: Building workspace] INFO  o.e.m.c.i.embedder.EclipseLogger - Copying 11 resources
2023-06-28 11:46:46,028 [Worker-0: Building workspace] WARN  o.e.m.c.i.embedder.EclipseLogger - Using platform encoding (MS949 actually) to copy filtered resources, i.e. build is platform dependent!
2023-06-28 11:46:46,030 [Worker-0: Building workspace] INFO  o.e.m.c.i.embedder.EclipseLogger - Copying 1 resource
2023-06-28 11:46:59,299 [Worker-9: Building] INFO  o.e.m.c.i.l.LifecycleMappingFactory - Using org.maven.ide.eclipse.wtp.WarLifecycleMapping lifecycle mapping for MavenProject: com.kh:gorri:1.0.0-BUILD-SNAPSHOT @ C:\Users\user1\Desktop\Gorrigit\1_Gorri\pom.xml.
2023-06-28 11:46:59,912 [Worker-9: Building] WARN  o.e.m.c.i.embedder.EclipseLogger - Using platform encoding (MS949 actually) to copy filtered resources, i.e. build is platform dependent!
2023-06-28 11:46:59,913 [Worker-9: Building] INFO  o.e.m.c.i.embedder.EclipseLogger - Copying 11 resources
2023-06-28 11:46:59,956 [Worker-9: Building] WARN  o.e.m.c.i.embedder.EclipseLogger - Using platform encoding (MS949 actually) to copy filtered resources, i.e. build is platform dependent!
2023-06-28 11:46:59,957 [Worker-9: Building] INFO  o.e.m.c.i.embedder.EclipseLogger - Copying 1 resource
